  Source.cpp
c:\development\c++\test\sfml stuffies\src\source.cpp(19): warning C4076: 'unsigned': cannot be used with type 'float'
c:\development\c++\test\sfml stuffies\src\source.cpp(19): warning C4244: 'initializing': conversion from 'float' to 'unsigned int', possible loss of data
c:\development\c++\test\sfml stuffies\src\source.cpp(20): warning C4076: 'unsigned': cannot be used with type 'float'
c:\development\c++\test\sfml stuffies\src\source.cpp(20): warning C4244: 'initializing': conversion from 'float' to 'unsigned int', possible loss of data
c:\development\c++\test\sfml stuffies\src\source.cpp(33): warning C4244: 'argument': conversion from 'unsigned int' to 'float', possible loss of data
c:\development\c++\test\sfml stuffies\src\source.cpp(36): warning C4244: 'initializing': conversion from 'const T' to 'int', possible loss of data
          with
          [
              T=float
          ]
c:\development\c++\test\sfml stuffies\src\source.cpp(37): warning C4244: 'initializing': conversion from 'const T' to 'int', possible loss of data
          with
          [
              T=float
          ]
  Generating code
  1 of 67 functions ( 1.5%) were compiled, the rest were copied from previous compilation.
    0 functions were new in current compilation
    0 functions had inline decision re-evaluated but remain unchanged
  Finished generating code
  openGLCourseFollowUp.vcxproj -> C:\Development\C++\TEST\SFML stuffies\Release\openGLCourseFollowUp.exe
